[Fri, 02 Nov 2012 07:12:31 GMT] INFO Server starting with config: {
  "environment": "development",
  "workers": 1,
  "port": 4000,
  "debug": true,
  "rotateWorkers": false,
  "rotationWindow": 7200000,
  "rotationTimeout": 300000,
  "logDir": "/Users/somniac/Projects/geddyTest/log",
  "gracefulShutdownTimeout": 30000,
  "heartbeatInterval": 5000,
  "heartbeatWindow": 20000,
  "staticFilePath": "/Users/somniac/Projects/geddyTest/public",
  "sessions": {
    "store": "memory",
    "key": "sid",
    "expiry": 1209600
  },
  "cookieSessionKey": "sdata",
  "metrics": null,
  "i18n": {
    "defaultLocale": "en-us",
    "loadPaths": [
      "/Users/somniac/Projects/geddyTest/config/locales"
    ]
  },
  "spdy": null,
  "ssl": null,
  "hostname": null,
  "connectCompatibility": false,
  "detailedErrors": true,
  "model": {
    "defaultAdapter": "memory"
  }
}
[Fri, 02 Nov 2012 07:12:31 GMT] INFO Creating 1 worker process.
[Fri, 02 Nov 2012 07:12:31 GMT] INFO Server worker running in development on port 4000 with a PID of: 48014
[Fri, 02 Nov 2012 07:12:31 GMT] DEBUG LOGGING STARTED ============================================
[Fri, 02 Nov 2012 07:12:31 GMT] DEBUG ============================================================
[Fri, 02 Nov 2012 08:06:56 GMT] INFO Code changed, killing 48014, cycling ...
[Fri, 02 Nov 2012 08:06:56 GMT] INFO Creating 1 worker process.
[Fri, 02 Nov 2012 08:12:21 GMT] INFO Creating 1 worker process.
